<?xml version="1.0" encoding="UTF-8"?>
<!-- Generated by org.testng.reporters.JUnitXMLReporter -->
<testsuite ignored="0" hostname="himanshusutar" failures="0" tests="5" name="Default test" time="4.519" errors="0" timestamp="2020-06-28T10:20:20 IST">
  <testcase classname="com.zomato.api.CitiesTest" name="citiesSuccessResponseWithCityCords" time="2.648"/>
  <testcase classname="com.zomato.api.CitiesTest" name="citiesSuccessResponseWithCityId" time="0.344"/>
  <testcase classname="com.zomato.api.CitiesTest" name="citiesSuccessResponseWithCityName" time="0.346"/>
  <testcase classname="com.zomato.api.CitiesTest" name="citiesSuccessResponseWithInvalidCords" time="0.234"/>
  <testcase classname="com.zomato.api.CitiesTest" name="citiesSuccessResponseWithoutParams" time="0.267"/>
</testsuite> <!-- Default test -->
