<?xml version="1.0" encoding="UTF-8"?>
<!-- Generated by org.testng.reporters.JUnitXMLReporter -->
<testsuite ignored="0" hostname="himanshusutar" failures="0" tests="2" name="CategorizeAPITests" time="3.379" errors="0" timestamp="2020-06-28T10:54:56 IST">
  <testcase classname="com.zomato.api.CategorizeTest" name="categorizeSuccessResponse" time="2.415"/>
  <testcase classname="com.zomato.api.CategorizeTest" name="categorizeInvalidUserkey" time="2.45"/>
</testsuite> <!-- CategorizeAPITests -->
