<?xml version="1.0" encoding="UTF-8"?>
<!-- Generated by org.testng.reporters.JUnitXMLReporter -->
<testsuite ignored="0" hostname="himanshusutar" failures="0" tests="5" name="CitiesAPITests" time="1.458" errors="0" timestamp="2020-06-28T10:54:57 IST">
  <testcase classname="com.zomato.api.CitiesTest" name="citiesSuccessResponseWithCityName" time="0.599"/>
  <testcase classname="com.zomato.api.CitiesTest" name="citiesSuccessResponseWithCityId" time="0.658"/>
  <testcase classname="com.zomato.api.CitiesTest" name="citiesSuccessResponseWithoutParams" time="0.347"/>
  <testcase classname="com.zomato.api.CitiesTest" name="citiesSuccessResponseWithCityCords" time="0.633"/>
  <testcase classname="com.zomato.api.CitiesTest" name="citiesSuccessResponseWithInvalidCords" time="0.293"/>
</testsuite> <!-- CitiesAPITests -->
