<?xml version="1.0" encoding="UTF-8"?>
<!-- Generated by org.testng.reporters.JUnitXMLReporter -->
<testsuite ignored="0" hostname="himanshusutar" failures="0" tests="4" name="LocationDetailsAPITests" time="1.151" errors="0" timestamp="2020-06-28T10:54:59 IST">
  <testcase classname="com.zomato.api.LocationDetailsTest" name="locationDetailsWithoutEntityId" time="0.316"/>
  <testcase classname="com.zomato.api.LocationDetailsTest" name="locationDetailsWithoutEntityType" time="0.364"/>
  <testcase classname="com.zomato.api.LocationDetailsTest" name="locationDetailsSuccessResponse" time="1.054"/>
  <testcase classname="com.zomato.api.LocationDetailsTest" name="locationInvalidUserkey" time="0.372"/>
</testsuite> <!-- LocationDetailsAPITests -->
