<?xml version="1.0" encoding="UTF-8"?>
<!-- Generated by org.testng.reporters.JUnitXMLReporter -->
<testsuite ignored="0" hostname="himanshusutar" failures="0" tests="4" name="LocationsAPITests" time="1.134" errors="0" timestamp="2020-06-28T10:55:00 IST">
  <testcase classname="com.zomato.api.LocationsTest" name="locationsSuccessResponseWithLatandLon" time="0.333"/>
  <testcase classname="com.zomato.api.LocationsTest" name="locationsSuccessResponseWithCityandCount" time="0.636"/>
  <testcase classname="com.zomato.api.LocationsTest" name="categorizeInvalidUserkey" time="0.433"/>
  <testcase classname="com.zomato.api.LocationsTest" name="locationsSuccessResponseWithIncreasedCount" time="0.446"/>
</testsuite> <!-- LocationsAPITests -->
