<?xml version="1.0" encoding="UTF-8"?>
<!-- Generated by org.testng.reporters.JUnitXMLReporter -->
<testsuite ignored="0" hostname="himanshusutar" failures="0" tests="2" name="RestaurantAPITests" time="1.017" errors="0" timestamp="2020-06-28T10:55:01 IST">
  <testcase classname="com.zomato.api.RestaurantTest" name="restaurantResponseWithoutResID" time="0.286"/>
  <testcase classname="com.zomato.api.RestaurantTest" name="restaurantSuccessResponse" time="1.0"/>
</testsuite> <!-- RestaurantAPITests -->
